
****** PlanAhead v14.1
  **** Build 179419 by xbuild on Thu Apr 26 11:41:35 MDT 2012
    ** Copyright 1986-1999, 2001-2012 Xilinx, Inc. All Rights Reserved.

INFO: [Device-36] Loading parts and site information from C:/Xilinx/14.1/ISE_DS/PlanAhead/data/parts/arch.xml
Parsing RTL primitives file [C:/Xilinx/14.1/ISE_DS/PlanAhead/data/parts/xilinx/rtl/prims/rtl_prims.xml]
Finished parsing RTL primitives file [C:/Xilinx/14.1/ISE_DS/PlanAhead/data/parts/xilinx/rtl/prims/rtl_prims.xml]
start_gui
starting gui ...
source Z:/Dropbox/Vysoka_skola/4_semestr/BI-SAP/Projekty_XILINX_PRIPRAVA/Nasobicka_a_sedmisegment/Sedmisegment/pa.fromHdl.tcl
# create_project -name Sedmisegment -dir "Z:/Dropbox/Vysoka_skola/4_semestr/BI-SAP/Projekty_XILINX_PRIPRAVA/Nasobicka_a_sedmisegment/Sedmisegment/planAhead_run_1" -part xc3s100ecp132-4
Parsing template File [C:/Xilinx/14.1/ISE_DS/ISE\data\projnav\templates\verilog.xml].
Finished parsing template File [C:/Xilinx/14.1/ISE_DS/ISE\data\projnav\templates\verilog.xml].
Parsing template File [C:/Xilinx/14.1/ISE_DS/ISE\data\projnav\templates\vhdl.xml].
Finished parsing template File [C:/Xilinx/14.1/ISE_DS/ISE\data\projnav\templates\vhdl.xml].
Parsing template File [C:/Xilinx/14.1/ISE_DS/ISE\data\projnav\templates\ucf.xml].
Finished parsing template File [C:/Xilinx/14.1/ISE_DS/ISE\data\projnav\templates\ucf.xml].
# set_param project.pinAheadLayout yes
# set srcset [get_property srcset [current_run -impl]]
# set_property target_constrs_file "decoder_7seg.ucf" [current_fileset -constrset]
Adding file 'Z:\Dropbox\Vysoka_skola\4_semestr\BI-SAP\Projekty_XILINX_PRIPRAVA\Nasobicka_a_sedmisegment\Sedmisegment\decoder_7seg.ucf' to fileset 'constrs_1'
# set hdlfile [add_files [list {nasobicka.vhd}]]
# set_property file_type VHDL $hdlfile
# set_property library work $hdlfile
# set hdlfile [add_files [list {decoder_7seg.vhd}]]
# set_property file_type VHDL $hdlfile
# set_property library work $hdlfile
# set hdlfile [add_files [list {schema_nasobicka.vhf}]]
# set_property file_type VHDL $hdlfile
# set_property library work $hdlfile
# set_property top schema_nasobicka $srcset
# add_files [list {decoder_7seg.ucf}] -fileset [get_property constrset [current_run]]
# open_rtl_design -part xc3s100ecp132-4
Using Verific elaboration
Parsing VHDL file "C:/Xilinx/14.1/ISE_DS/PlanAhead/data\parts\xilinx\rtl\lib\synplify\synattr.vhd" into library synplify
Parsing VHDL file "C:/Xilinx/14.1/ISE_DS/PlanAhead/data\parts\xilinx\rtl\lib\synplify\synattr.vhd" into library synplify
Parsing VHDL file "Z:\Dropbox\Vysoka_skola\4_semestr\BI-SAP\Projekty_XILINX_PRIPRAVA\Nasobicka_a_sedmisegment\Sedmisegment\nasobicka.vhd" into library work
Parsing VHDL file "Z:\Dropbox\Vysoka_skola\4_semestr\BI-SAP\Projekty_XILINX_PRIPRAVA\Nasobicka_a_sedmisegment\Sedmisegment\decoder_7seg.vhd" into library work
Parsing VHDL file "Z:\Dropbox\Vysoka_skola\4_semestr\BI-SAP\Projekty_XILINX_PRIPRAVA\Nasobicka_a_sedmisegment\Sedmisegment\schema_nasobicka.vhf" into library work
INFO: [Project-86] Reading macro library C:/Xilinx/14.1/ISE_DS/PlanAhead/data\./parts/xilinx/spartan3e/spartan3e/hd_int_macros.edn
Parsing EDIF File [C:/Xilinx/14.1/ISE_DS/PlanAhead/data\./parts/xilinx/spartan3e/spartan3e/hd_int_macros.edn]
Finished Parsing EDIF File [C:/Xilinx/14.1/ISE_DS/PlanAhead/data\./parts/xilinx/spartan3e/spartan3e/hd_int_macros.edn]
Loading clock regions from C:/Xilinx/14.1/ISE_DS/PlanAhead/data\parts/xilinx/spartan3e/spartan3e/xc3s100e/ClockRegion.xml
Loading clock buffers from C:/Xilinx/14.1/ISE_DS/PlanAhead/data\parts/xilinx/spartan3e/spartan3e/xc3s100e/ClockBuffers.xml
Loading package from C:/Xilinx/14.1/ISE_DS/PlanAhead/data\parts/xilinx/spartan3e/spartan3e/xc3s100e/cp132/Package.xml
Loading io standards from C:/Xilinx/14.1/ISE_DS/PlanAhead/data\./parts/xilinx/spartan3e/IOStandards.xml
INFO: [Device-19] Loading pkg sso from C:/Xilinx/14.1/ISE_DS/PlanAhead/data\parts/xilinx/spartan3e/spartan3e/xc3s100e/cp132/SSORules.xml
Loading list of drcs for the architecture : C:/Xilinx/14.1/ISE_DS/PlanAhead/data\./parts/xilinx/spartan3e/spartan3e/drc.xml
INFO: [Timing-77] Reading timing library C:/Xilinx/14.1/ISE_DS/PlanAhead/data\parts/xilinx/spartan3e/spartan3e/spartan3e-4.lib.
INFO: [Timing-34] Done reading timing library C:/Xilinx/14.1/ISE_DS/PlanAhead/data\parts/xilinx/spartan3e/spartan3e/spartan3e-4.lib.
Parsing UCF File [Z:\Dropbox\Vysoka_skola\4_semestr\BI-SAP\Projekty_XILINX_PRIPRAVA\Nasobicka_a_sedmisegment\Sedmisegment\decoder_7seg.ucf]
Finished Parsing UCF File [Z:\Dropbox\Vysoka_skola\4_semestr\BI-SAP\Projekty_XILINX_PRIPRAVA\Nasobicka_a_sedmisegment\Sedmisegment\decoder_7seg.ucf]
INFO: [Project-111] Unisim Transformation Summary:
No Unisim elements were transformed.

INFO: [Project-176] Phase 0 Netlist Checksum: 8c06919c 
open_rtl_design: Time (s): elapsed = 00:00:07 . Memory (MB): peak = 391.457 ; gain = 70.285
exit
INFO: [Common-206] Exiting PlanAhead...
INFO: [Common-83] Releasing license: PlanAhead
