--------------------------------------------------------------------------------
Release 14.7 Trace  (nt64)
Copyright (c) 1995-2013 Xilinx, Inc.  All rights reserved.

C:\Xilinx\14.7\ISE_DS\ISE\bin\nt64\unwrapped\trce.exe -filter
C:/Users/sykorto6/Desktop/BI-SAP/JP/BI-SAP/Projekty_XILINX_PRIPRAVA/Nasobicka_a_sedmisegment/Sedmisegment/iseconfig/filter.filter
-intstyle ise -v 3 -s 4 -n 3 -fastpaths -xml schema_nasobicka.twx
schema_nasobicka.ncd -o schema_nasobicka.twr schema_nasobicka.pcf -ucf
decoder_7seg.ucf

Design file:              schema_nasobicka.ncd
Physical constraint file: schema_nasobicka.pcf
Device,package,speed:     xc3s100e,cp132,-4 (PRODUCTION 1.27 2013-10-13)
Report level:             verbose report

Environment Variable      Effect 
--------------------      ------ 
NONE                      No environment variables were set
--------------------------------------------------------------------------------

INFO:Timing:2698 - No timing constraints found, doing default enumeration.
INFO:Timing:3412 - To improve timing, see the Timing Closure User Guide (UG612).
INFO:Timing:2752 - To get complete path coverage, use the unconstrained paths 
   option. All paths that are not constrained will be reported in the 
   unconstrained paths section(s) of the report.
INFO:Timing:3339 - The clock-to-out numbers in this timing report are based on 
   a 50 Ohm transmission line loading model.  For the details of this model, 
   and for more information on accounting for different loading conditions, 
   please see the device datasheet.
INFO:Timing:3390 - This architecture does not support a default System Jitter 
   value, please add SYSTEM_JITTER constraint to the UCF to modify the Clock 
   Uncertainty calculation.
INFO:Timing:3389 - This architecture does not support 'Discrete Jitter' and 
   'Phase Error' calculations, these terms will be zero in the Clock 
   Uncertainty calculation.  Please make appropriate modification to 
   SYSTEM_JITTER to account for the unsupported Discrete Jitter and Phase 
   Error.



Data Sheet report:
-----------------
All values displayed in nanoseconds (ns)

Pad to Pad
---------------+---------------+---------+
Source Pad     |Destination Pad|  Delay  |
---------------+---------------+---------+
A              |CA             |    6.803|
A              |CB             |    7.697|
A              |CC             |    7.626|
A              |CD             |    7.409|
A              |CE             |    7.638|
A              |CF             |    6.864|
A              |CG             |    7.260|
B              |CA             |    8.919|
B              |CB             |    9.234|
B              |CC             |    9.132|
B              |CD             |    9.525|
B              |CE             |    9.525|
B              |CF             |    8.920|
B              |CG             |    9.109|
C              |CA             |    6.855|
C              |CB             |    8.284|
C              |CC             |    8.175|
C              |CD             |    7.461|
C              |CE             |    7.635|
C              |CF             |    6.851|
C              |CG             |    7.192|
D              |CA             |    8.520|
D              |CB             |    8.755|
D              |CC             |    8.711|
D              |CD             |    9.126|
D              |CE             |    9.173|
D              |CF             |    8.556|
D              |CG             |    8.788|
---------------+---------------+---------+


Analysis completed Tue Mar 03 17:42:58 2015 
--------------------------------------------------------------------------------

Trace Settings:
-------------------------
Trace Settings 

Peak Memory Usage: 153 MB



