--------------------------------------------------------------------------------
Release 14.7 Trace  (nt64)
Copyright (c) 1995-2013 Xilinx, Inc.  All rights reserved.

C:\Xilinx\14.7\ISE_DS\ISE\bin\nt64\unwrapped\trce.exe -filter
H:/BI-SAP/BI-SAP15/cv01counter/iseconfig/filter.filter -intstyle ise -v 3 -s 4
-n 3 -fastpaths -xml scit4.twx scit4.ncd -o scit4.twr scit4.pcf -ucf scit4.ucf

Design file:              scit4.ncd
Physical constraint file: scit4.pcf
Device,package,speed:     xc3s100e,cp132,-4 (PRODUCTION 1.27 2013-10-13)
Report level:             verbose report

Environment Variable      Effect 
--------------------      ------ 
NONE                      No environment variables were set
--------------------------------------------------------------------------------

INFO:Timing:2698 - No timing constraints found, doing default enumeration.
INFO:Timing:3412 - To improve timing, see the Timing Closure User Guide (UG612).
INFO:Timing:2752 - To get complete path coverage, use the unconstrained paths 
   option. All paths that are not constrained will be reported in the 
   unconstrained paths section(s) of the report.
INFO:Timing:3339 - The clock-to-out numbers in this timing report are based on 
   a 50 Ohm transmission line loading model.  For the details of this model, 
   and for more information on accounting for different loading conditions, 
   please see the device datasheet.
INFO:Timing:3390 - This architecture does not support a default System Jitter 
   value, please add SYSTEM_JITTER constraint to the UCF to modify the Clock 
   Uncertainty calculation.
INFO:Timing:3389 - This architecture does not support 'Discrete Jitter' and 
   'Phase Error' calculations, these terms will be zero in the Clock 
   Uncertainty calculation.  Please make appropriate modification to 
   SYSTEM_JITTER to account for the unsupported Discrete Jitter and Phase 
   Error.



Data Sheet report:
-----------------
All values displayed in nanoseconds (ns)

Pad to Pad
---------------+---------------+---------+
Source Pad     |Destination Pad|  Delay  |
---------------+---------------+---------+
A0             |COUT           |   11.911|
A0             |S0             |    7.671|
A0             |S1             |    9.614|
A0             |S2             |   10.727|
A0             |S3             |   12.156|
A1             |COUT           |   11.307|
A1             |S1             |    8.890|
A1             |S2             |   10.123|
A1             |S3             |   11.552|
A2             |COUT           |    8.936|
A2             |S2             |    7.362|
A2             |S3             |    9.181|
A3             |COUT           |    8.224|
A3             |S3             |    8.149|
B0             |COUT           |   11.693|
B0             |S0             |    7.579|
B0             |S1             |    9.396|
B0             |S2             |   10.509|
B0             |S3             |   11.938|
B1             |COUT           |   11.002|
B1             |S1             |    8.516|
B1             |S2             |    9.818|
B1             |S3             |   11.247|
B2             |COUT           |    8.313|
B2             |S2             |    7.364|
B2             |S3             |    8.558|
B3             |COUT           |    8.031|
B3             |S3             |    8.327|
CIN            |COUT           |   12.060|
CIN            |S0             |    8.300|
CIN            |S1             |    9.763|
CIN            |S2             |   10.876|
CIN            |S3             |   12.305|
---------------+---------------+---------+


Analysis completed Tue Feb 17 17:49:24 2015 
--------------------------------------------------------------------------------

Trace Settings:
-------------------------
Trace Settings 

Peak Memory Usage: 146 MB



