Running: C:\Xilinx\14.7\ISE_DS\ISE\bin\nt64\unwrapped\fuse.exe -intstyle ise -incremental -o H:/BI-SAP/BI-SAP15/cv02algebra/l2_agebra_4_test_isim_beh.exe -prj H:/BI-SAP/BI-SAP15/cv02algebra/l2_agebra_4_test_beh.prj work.l2_agebra_4_test 
ISim P.20131013 (signature 0x7708f090)
Number of CPUs detected in this system: 4
Turning on mult-threading, number of parallel sub-compilation jobs: 8 
Determining compilation order of HDL files
Parsing VHDL file "H:/BI-SAP/BI-SAP15/cv02algebra/l2_algebra_4.vhd" into library work
Parsing VHDL file "H:/BI-SAP/BI-SAP15/cv02algebra/l2_algebra_4_test.vhd" into library work
Starting static elaboration
Completed static elaboration
Compiling package standard
Compiling package std_logic_1164
Compiling package std_logic_arith
Compiling package std_logic_unsigned
Compiling architecture behavioral of entity algebra [algebra_default]
Compiling architecture behavior of entity l2_agebra_4_test
Time Resolution for simulation is 1ps.
Waiting for 1 sub-compilation(s) to finish...
Compiled 7 VHDL Units
Built simulation executable H:/BI-SAP/BI-SAP15/cv02algebra/l2_agebra_4_test_isim_beh.exe
Fuse Memory Usage: 33776 KB
Fuse CPU Usage: 499 ms
