--------------------------------------------------------------------------------
Release 14.7 Trace  (nt64)
Copyright (c) 1995-2013 Xilinx, Inc.  All rights reserved.

C:\Xilinx\14.7\ISE_DS\ISE\bin\nt64\unwrapped\trce.exe -filter
C:/Users/sykorto6/Desktop/BI-SAP/JP/BI-SAP/Projekty_XILINX_PRIPRAVA/SEDMISEGMENT/Sedmisegment/iseconfig/filter.filter
-intstyle ise -v 3 -s 4 -n 3 -fastpaths -xml decoder_7seg.twx decoder_7seg.ncd
-o decoder_7seg.twr decoder_7seg.pcf -ucf decoder_7seg.ucf

Design file:              decoder_7seg.ncd
Physical constraint file: decoder_7seg.pcf
Device,package,speed:     xc3s100e,cp132,-4 (PRODUCTION 1.27 2013-10-13)
Report level:             verbose report

Environment Variable      Effect 
--------------------      ------ 
NONE                      No environment variables were set
--------------------------------------------------------------------------------

INFO:Timing:2698 - No timing constraints found, doing default enumeration.
INFO:Timing:3412 - To improve timing, see the Timing Closure User Guide (UG612).
INFO:Timing:2752 - To get complete path coverage, use the unconstrained paths 
   option. All paths that are not constrained will be reported in the 
   unconstrained paths section(s) of the report.
INFO:Timing:3339 - The clock-to-out numbers in this timing report are based on 
   a 50 Ohm transmission line loading model.  For the details of this model, 
   and for more information on accounting for different loading conditions, 
   please see the device datasheet.
INFO:Timing:3390 - This architecture does not support a default System Jitter 
   value, please add SYSTEM_JITTER constraint to the UCF to modify the Clock 
   Uncertainty calculation.
INFO:Timing:3389 - This architecture does not support 'Discrete Jitter' and 
   'Phase Error' calculations, these terms will be zero in the Clock 
   Uncertainty calculation.  Please make appropriate modification to 
   SYSTEM_JITTER to account for the unsupported Discrete Jitter and Phase 
   Error.



Data Sheet report:
-----------------
All values displayed in nanoseconds (ns)

Pad to Pad
---------------+---------------+---------+
Source Pad     |Destination Pad|  Delay  |
---------------+---------------+---------+
a              |ca             |    6.951|
a              |cb             |    7.876|
a              |cc             |    7.013|
a              |cd             |    7.034|
a              |ce             |    7.384|
a              |cf             |    7.220|
a              |cg             |    7.340|
b              |ca             |    8.840|
b              |cb             |    9.846|
b              |cc             |    8.847|
b              |cd             |    8.858|
b              |ce             |    9.354|
b              |cf             |    8.989|
b              |cg             |    9.245|
c              |ca             |    7.823|
c              |cb             |    8.530|
c              |cc             |    7.994|
c              |cd             |    7.848|
c              |ce             |    8.038|
c              |cf             |    8.161|
c              |cg             |    7.936|
d              |ca             |    8.162|
d              |cb             |    9.069|
d              |cc             |    8.376|
d              |cd             |    8.218|
d              |ce             |    8.577|
d              |cf             |    8.578|
d              |cg             |    8.506|
---------------+---------------+---------+


Analysis completed Tue Mar 03 16:49:29 2015 
--------------------------------------------------------------------------------

Trace Settings:
-------------------------
Trace Settings 

Peak Memory Usage: 153 MB



